\BOOKMARK [1][-]{section.1}{\376\377\000P\000O\000L\000I\000\040\0002\0007\0003}{}% 1
\BOOKMARK [2][-]{subsection.1.1}{\376\377\000C\000a\000u\000s\000a\000l\000\040\000I\000n\000f\000e\000r\000e\000n\000c\000e}{section.1}% 2
\BOOKMARK [3][-]{subsubsection.1.1.1}{\376\377\000L\000e\000c\000t\000u\000r\000e\000\040\0000\0006\000\040\000-\000\040\000D\000A\000G\000s\000\040\000f\000o\000r\000\040\000C\000a\000u\000s\000a\000l\000\040\000I\000d\000e\000n\000t\000i\000f\000i\000c\000a\000t\000i\000o\000n\000\040\000a\000n\000d\000\040\000R\000e\000g\000r\000e\000s\000s\000i\000o\000n}{subsection.1.1}% 3
\BOOKMARK [2][-]{subsection.1.2}{\376\377\000A\000n\000n\000o\000u\000n\000c\000e\000m\000e\000n\000t\000s}{section.1}% 4
\BOOKMARK [2][-]{subsection.1.3}{\376\377\000A\000g\000e\000n\000d\000a\000\040\000f\000o\000r\000\040\000T\000o\000d\000a\000y}{section.1}% 5
\BOOKMARK [2][-]{subsection.1.4}{\376\377\000D\000A\000G\000s}{section.1}% 6
\BOOKMARK [2][-]{subsection.1.5}{\376\377\000D\000A\000G\000s}{section.1}% 7
\BOOKMARK [2][-]{subsection.1.6}{\376\377\000D\000A\000G\000s}{section.1}% 8
\BOOKMARK [2][-]{subsection.1.7}{\376\377\000D\000A\000G\000s}{section.1}% 9
\BOOKMARK [2][-]{subsection.1.8}{\376\377\000D\000A\000G\000s}{section.1}% 10
\BOOKMARK [2][-]{subsection.1.9}{\376\377\000D\000A\000G\000s}{section.1}% 11
\BOOKMARK [2][-]{subsection.1.10}{\376\377\000D\000A\000G\000s}{section.1}% 12
\BOOKMARK [2][-]{subsection.1.11}{\376\377\000D\000A\000G\000s}{section.1}% 13
\BOOKMARK [2][-]{subsection.1.12}{\376\377\000D\000A\000G\000s}{section.1}% 14
\BOOKMARK [2][-]{subsection.1.13}{\376\377\000D\000A\000G\000s}{section.1}% 15
\BOOKMARK [1][-]{section.2}{\376\377\000R\000e\000g\000r\000e\000s\000s\000i\000o\000n\000\040\000f\000o\000r\000\040\000C\000a\000u\000s\000a\000l\000\040\000I\000d\000e\000n\000t\000i\000f\000i\000c\000a\000t\000i\000o\000n}{}% 16
\BOOKMARK [2][-]{subsection.2.1}{\376\377\000R\000e\000g\000r\000e\000s\000s\000i\000o\000n\000\040\000f\000o\000r\000\040\000C\000a\000u\000s\000a\000l\000\040\000I\000d\000e\000n\000t\000i\000f\000i\000c\000a\000t\000i\000o\000n}{section.2}% 17
\BOOKMARK [2][-]{subsection.2.2}{\376\377\000R\000e\000g\000r\000e\000s\000s\000i\000o\000n\000\040\000f\000o\000r\000\040\000C\000a\000u\000s\000a\000l\000\040\000I\000d\000e\000n\000t\000i\000f\000i\000c\000a\000t\000i\000o\000n}{section.2}% 18
\BOOKMARK [2][-]{subsection.2.3}{\376\377\000R\000e\000g\000r\000e\000s\000s\000i\000o\000n\000\040\000f\000o\000r\000\040\000C\000a\000u\000s\000a\000l\000\040\000I\000d\000e\000n\000t\000i\000f\000i\000c\000a\000t\000i\000o\000n}{section.2}% 19
\BOOKMARK [2][-]{subsection.2.4}{\376\377\000R\000e\000g\000r\000e\000s\000s\000i\000o\000n\000\040\000f\000o\000r\000\040\000C\000a\000u\000s\000a\000l\000\040\000I\000d\000e\000n\000t\000i\000f\000i\000c\000a\000t\000i\000o\000n}{section.2}% 20
\BOOKMARK [2][-]{subsection.2.5}{\376\377\000R\000e\000g\000r\000e\000s\000s\000i\000o\000n\000\040\000f\000o\000r\000\040\000C\000a\000u\000s\000a\000l\000\040\000I\000d\000e\000n\000t\000i\000f\000i\000c\000a\000t\000i\000o\000n}{section.2}% 21
\BOOKMARK [2][-]{subsection.2.6}{\376\377\000R\000e\000g\000r\000e\000s\000s\000i\000o\000n\000\040\000f\000o\000r\000\040\000C\000a\000u\000s\000a\000l\000\040\000I\000d\000e\000n\000t\000i\000f\000i\000c\000a\000t\000i\000o\000n}{section.2}% 22
\BOOKMARK [2][-]{subsection.2.7}{\376\377\000R\000e\000g\000r\000e\000s\000s\000i\000o\000n\000\040\000f\000o\000r\000\040\000C\000a\000u\000s\000a\000l\000\040\000I\000d\000e\000n\000t\000i\000f\000i\000c\000a\000t\000i\000o\000n}{section.2}% 23
\BOOKMARK [2][-]{subsection.2.8}{\376\377\000R\000e\000g\000r\000e\000s\000s\000i\000o\000n\000\040\000f\000o\000r\000\040\000C\000a\000u\000s\000a\000l\000\040\000I\000d\000e\000n\000t\000i\000f\000i\000c\000a\000t\000i\000o\000n}{section.2}% 24
\BOOKMARK [2][-]{subsection.2.9}{\376\377\000R\000e\000g\000r\000e\000s\000s\000i\000o\000n\000\040\000f\000o\000r\000\040\000C\000a\000u\000s\000a\000l\000\040\000I\000d\000e\000n\000t\000i\000f\000i\000c\000a\000t\000i\000o\000n}{section.2}% 25
\BOOKMARK [2][-]{subsection.2.10}{\376\377\000R\000e\000g\000r\000e\000s\000s\000i\000o\000n\000\040\000f\000o\000r\000\040\000C\000a\000u\000s\000a\000l\000\040\000I\000d\000e\000n\000t\000i\000f\000i\000c\000a\000t\000i\000o\000n}{section.2}% 26
\BOOKMARK [2][-]{subsection.2.11}{\376\377\000R\000e\000g\000r\000e\000s\000s\000i\000o\000n\000\040\000f\000o\000r\000\040\000C\000a\000u\000s\000a\000l\000\040\000I\000d\000e\000n\000t\000i\000f\000i\000c\000a\000t\000i\000o\000n}{section.2}% 27
\BOOKMARK [2][-]{subsection.2.12}{\376\377\000R\000e\000g\000r\000e\000s\000s\000i\000o\000n\000\040\000f\000o\000r\000\040\000C\000a\000u\000s\000a\000l\000\040\000I\000d\000e\000n\000t\000i\000f\000i\000c\000a\000t\000i\000o\000n}{section.2}% 28
\BOOKMARK [3][-]{subsubsection.2.12.1}{\376\377\000T\000h\000e\000\040\000l\000i\000n\000e\000a\000r\000\040\000r\000e\000g\000r\000e\000s\000s\000i\000o\000n\000\040\000c\000o\000e\000f\000f\000i\000c\000i\000e\000n\000t\000\040\000i\000s\000\040\000e\000q\000u\000i\000v\000a\000l\000e\000n\000t\000\040\000t\000o\000\040\000t\000h\000e\000\040\000d\000i\000f\000f\000e\000r\000e\000n\000c\000e\000s\000-\000i\000n\000-\000m\000e\000a\000n\000s\000\040\000e\000s\000t\000i\000m\000a\000t\000o\000r\000.}{subsection.2.12}% 29
\BOOKMARK [2][-]{subsection.2.13}{\376\377\000Q\000u\000e\000s\000t\000i\000o\000n\000s\000?}{section.2}% 30
\BOOKMARK [2][-]{subsection.2.14}{\376\377\000S\000e\000e\000\040\000y\000o\000u\000\040\000i\000n\000\040\000t\000h\000e\000\040\000n\000e\000x\000t\000\040\000c\000l\000a\000s\000s\000!}{section.2}% 31
